[debug] [2023-01-11T17:54:15.781Z] ----------------------------------------------------------------------
[debug] [2023-01-11T17:54:15.783Z] Command:       /usr/local/bin/node /usr/local/bin/firebase init
[debug] [2023-01-11T17:54:15.783Z] CLI Version:   11.20.0
[debug] [2023-01-11T17:54:15.783Z] Platform:      darwin
[debug] [2023-01-11T17:54:15.783Z] Node Version:  v18.12.1
[debug] [2023-01-11T17:54:15.785Z] Time:          Wed Jan 11 2023 12:54:15 GMT-0500 (Eastern Standard Time)
[debug] [2023-01-11T17:54:15.785Z] ----------------------------------------------------------------------
[debug] 
[debug] [2023-01-11T17:54:15.790Z] > command requires scopes: ["email","openid","https://www.googleapis.com/auth/cloudplatformprojects.readonly","https://www.googleapis.com/auth/firebase","https://www.googleapis.com/auth/cloud-platform"]
[debug] [2023-01-11T17:54:15.791Z] > authorizing via signed-in user (patsricksilva@gmail.com)
[info] 
     ######## #### ########  ######## ########     ###     ######  ########
     ##        ##  ##     ## ##       ##     ##  ##   ##  ##       ##
     ######    ##  ########  ######   ########  #########  ######  ######
     ##        ##  ##    ##  ##       ##     ## ##     ##       ## ##
     ##       #### ##     ## ######## ########  ##     ##  ######  ########

You're about to initialize a Firebase project in this directory:

  /Users/kimberly/Desktop/summative

[debug] [2023-01-11T17:54:31.572Z] Error: setRawMode ENOENT
    at ReadStream.setRawMode (node:tty:77:31)
    at [_setRawMode] [as _setRawMode] (node:internal/readline/interface:383:18)
    at Interface.close (node:internal/readline/interface:533:24)
    at ReadStream.ontermend (node:internal/readline/interface:269:10)
    at ReadStream.emit (node:events:525:35)
    at ReadStream.emit (node:domain:489:12)
    at endReadableNT (node:internal/streams/readable:1359:12)
    at process.processTicksAndRejections (node:internal/process/task_queues:82:21)
